<?xml version="1.0" encoding="UTF-8"?>
<!-- Generated by org.testng.reporters.JUnitReportReporter -->
<testsuite skipped="0" hostname="VCHANDRA-T450" name="WebTestFramework.Webbot.HomePage" tests="1" failures="0" timestamp="06 Aug 2017 12:53:41 GMT" time="1.877" errors="0">
  <testcase name="basePageNavigation" time="1.877" classname="WebTestFramework.Webbot.HomePage"/>
</testsuite> <!-- WebTestFramework.Webbot.HomePage -->
