<?xml version="1.0" encoding="UTF-8"?>
<!-- Generated by org.testng.reporters.JUnitReportReporter -->
<testsuite skipped="0" hostname="VCHANDRA-T450" name="WebTestFramework.Webbot.ValidateUrl" tests="1" failures="0" timestamp="06 Aug 2017 12:53:41 GMT" time="0.310" errors="0">
  <testcase name="validateNavigation" time="0.310" classname="WebTestFramework.Webbot.ValidateUrl"/>
</testsuite> <!-- WebTestFramework.Webbot.ValidateUrl -->
