<?xml version="1.0" encoding="UTF-8"?>
<!-- Generated by org.testng.reporters.JUnitReportReporter -->
<testsuite skipped="0" hostname="VCHANDRA-T450" name="WebTestFramework.Webbot.ValidateNavigationBar" tests="1" failures="0" timestamp="06 Aug 2017 12:18:12 GMT" time="1.390" errors="0">
  <testcase name="validateNavigation" time="1.390" classname="WebTestFramework.Webbot.ValidateNavigationBar"/>
</testsuite> <!-- WebTestFramework.Webbot.ValidateNavigationBar -->
